# JRE version: OpenJDK Runtime Environment (7.0_85-b01) (build 1.7.0_85-b01)
# Java VM: OpenJDK 64-Bit Server VM (24.85-b03 mixed mode linux-amd64 compressed oops)
Heap
 PSYoungGen      total 531456K, used 1033K [0x00000007ace80000, 0x00000007ce280000, 0x0000000800000000)
  eden space 519680K, 0% used [0x00000007ace80000,0x00000007acf2a6d0,0x00000007cca00000)
  from space 11776K, 2% used [0x00000007cd600000,0x00000007cd658000,0x00000007ce180000)
  to   space 12288K, 0% used [0x00000007cca00000,0x00000007cca00000,0x00000007cd600000)
 ParOldGen       total 169984K, used 6309K [0x0000000706c00000, 0x0000000711200000, 0x00000007ace80000)
  object space 169984K, 3% used [0x0000000706c00000,0x00000007072296c8,0x0000000711200000)
 PSPermGen       total 21504K, used 16911K [0x00000006fc600000, 0x00000006fdb00000, 0x0000000706c00000)
  object space 21504K, 78% used [0x00000006fc600000,0x00000006fd683c60,0x00000006fdb00000)
GC Heap History (10 events):
Event: 2,590 GC heap before
{Heap before GC invocations=4 (full 0):
 PSYoungGen      total 75264K, used 74627K [0x00000007ace80000, 0x00000007b6180000, 0x0000000800000000)
  eden space 65024K, 100% used [0x00000007ace80000,0x00000007b0e00000,0x00000007b0e00000)
  from space 10240K, 93% used [0x00000007b0e00000,0x00000007b1760d78,0x00000007b1800000)
  to   space 10240K, 0% used [0x00000007b5780000,0x00000007b5780000,0x00000007b6180000)
 ParOldGen       total 169984K, used 175K [0x0000000706c00000, 0x0000000711200000, 0x00000007ace80000)
  object space 169984K, 0% used [0x0000000706c00000,0x0000000706c2bc08,0x0000000711200000)
 PSPermGen       total 21504K, used 16727K [0x00000006fc600000, 0x00000006fdb00000, 0x0000000706c00000)
  object space 21504K, 77% used [0x00000006fc600000,0x00000006fd655c20,0x00000006fdb00000)
Event: 2,606 GC heap after
Heap after GC invocations=4 (full 0):
 PSYoungGen      total 140288K, used 7294K [0x00000007ace80000, 0x00000007b6180000, 0x0000000800000000)
  eden space 130048K, 0% used [0x00000007ace80000,0x00000007ace80000,0x00000007b4d80000)
  from space 10240K, 71% used [0x00000007b5780000,0x00000007b5e9fb18,0x00000007b6180000)
  to   space 10240K, 0% used [0x00000007b4d80000,0x00000007b4d80000,0x00000007b5780000)
 ParOldGen       total 169984K, used 175K [0x0000000706c00000, 0x0000000711200000, 0x00000007ace80000)
  object space 169984K, 0% used [0x0000000706c00000,0x0000000706c2bc08,0x0000000711200000)
 PSPermGen       total 21504K, used 16727K [0x00000006fc600000, 0x00000006fdb00000, 0x0000000706c00000)
  object space 21504K, 77% used [0x00000006fc600000,0x00000006fd655c20,0x00000006fdb00000)
}
Event: 2,764 GC heap before
{Heap before GC invocations=5 (full 0):
 PSYoungGen      total 140288K, used 137342K [0x00000007ace80000, 0x00000007b6180000, 0x0000000800000000)
  eden space 130048K, 100% used [0x00000007ace80000,0x00000007b4d80000,0x00000007b4d80000)
  from space 10240K, 71% used [0x00000007b5780000,0x00000007b5e9fb18,0x00000007b6180000)
  to   space 10240K, 0% used [0x00000007b4d80000,0x00000007b4d80000,0x00000007b5780000)
 ParOldGen       total 169984K, used 175K [0x0000000706c00000, 0x0000000711200000, 0x00000007ace80000)
  object space 169984K, 0% used [0x0000000706c00000,0x0000000706c2bc08,0x0000000711200000)
 PSPermGen       total 21504K, used 16728K [0x00000006fc600000, 0x00000006fdb00000, 0x0000000706c00000)
  object space 21504K, 77% used [0x00000006fc600000,0x00000006fd656018,0x00000006fdb00000)
Event: 2,775 GC heap after
Heap after GC invocations=5 (full 0):
 PSYoungGen      total 140288K, used 7393K [0x00000007ace80000, 0x00000007be080000, 0x0000000800000000)
  eden space 130048K, 0% used [0x00000007ace80000,0x00000007ace80000,0x00000007b4d80000)
  from space 10240K, 72% used [0x00000007b4d80000,0x00000007b54b86c8,0x00000007b5780000)
  to   space 10240K, 0% used [0x00000007bd680000,0x00000007bd680000,0x00000007be080000)
 ParOldGen       total 169984K, used 175K [0x0000000706c00000, 0x0000000711200000, 0x00000007ace80000)
  object space 169984K, 0% used [0x0000000706c00000,0x0000000706c2bc08,0x0000000711200000)
 PSPermGen       total 21504K, used 16728K [0x00000006fc600000, 0x00000006fdb00000, 0x0000000706c00000)
  object space 21504K, 77% used [0x00000006fc600000,0x00000006fd656018,0x00000006fdb00000)
}
Event: 2,876 GC heap before
{Heap before GC invocations=6 (full 0):
 PSYoungGen      total 140288K, used 137441K [0x00000007ace80000, 0x00000007be080000, 0x0000000800000000)
  eden space 130048K, 100% used [0x00000007ace80000,0x00000007b4d80000,0x00000007b4d80000)
  from space 10240K, 72% used [0x00000007b4d80000,0x00000007b54b86c8,0x00000007b5780000)
  to   space 10240K, 0% used [0x00000007bd680000,0x00000007bd680000,0x00000007be080000)
 ParOldGen       total 169984K, used 175K [0x0000000706c00000, 0x0000000711200000, 0x00000007ace80000)
  object space 169984K, 0% used [0x0000000706c00000,0x0000000706c2bc08,0x0000000711200000)
 PSPermGen       total 21504K, used 16728K [0x00000006fc600000, 0x00000006fdb00000, 0x0000000706c00000)
  object space 21504K, 77% used [0x00000006fc600000,0x00000006fd656270,0x00000006fdb00000)
Event: 2,886 GC heap after
Heap after GC invocations=6 (full 0):
 PSYoungGen      total 270336K, used 6197K [0x00000007ace80000, 0x00000007be080000, 0x0000000800000000)
  eden space 260096K, 0% used [0x00000007ace80000,0x00000007ace80000,0x00000007bcc80000)
  from space 10240K, 60% used [0x00000007bd680000,0x00000007bdc8d730,0x00000007be080000)
  to   space 10240K, 0% used [0x00000007bcc80000,0x00000007bcc80000,0x00000007bd680000)
 ParOldGen       total 169984K, used 183K [0x0000000706c00000, 0x0000000711200000, 0x00000007ace80000)
  object space 169984K, 0% used [0x0000000706c00000,0x0000000706c2dc08,0x0000000711200000)
 PSPermGen       total 21504K, used 16728K [0x00000006fc600000, 0x00000006fdb00000, 0x0000000706c00000)
  object space 21504K, 77% used [0x00000006fc600000,0x00000006fd656270,0x00000006fdb00000)
}
Event: 3,061 GC heap before
{Heap before GC invocations=7 (full 0):
 PSYoungGen      total 270336K, used 266293K [0x00000007ace80000, 0x00000007be080000, 0x0000000800000000)
  eden space 260096K, 100% used [0x00000007ace80000,0x00000007bcc80000,0x00000007bcc80000)
  from space 10240K, 60% used [0x00000007bd680000,0x00000007bdc8d730,0x00000007be080000)
  to   space 10240K, 0% used [0x00000007bcc80000,0x00000007bcc80000,0x00000007bd680000)
 ParOldGen       total 169984K, used 183K [0x0000000706c00000, 0x0000000711200000, 0x00000007ace80000)
  object space 169984K, 0% used [0x0000000706c00000,0x0000000706c2dc08,0x0000000711200000)
 PSPermGen       total 21504K, used 16728K [0x00000006fc600000, 0x00000006fdb00000, 0x0000000706c00000)
  object space 21504K, 77% used [0x00000006fc600000,0x00000006fd656328,0x00000006fdb00000)
Event: 3,074 GC heap after
Heap after GC invocations=7 (full 0):
 PSYoungGen      total 270336K, used 256K [0x00000007ace80000, 0x00000007ce180000, 0x0000000800000000)
  eden space 260096K, 0% used [0x00000007ace80000,0x00000007ace80000,0x00000007bcc80000)
  from space 10240K, 2% used [0x00000007bcc80000,0x00000007bccc0000,0x00000007bd680000)
  to   space 11776K, 0% used [0x00000007cd600000,0x00000007cd600000,0x00000007ce180000)
 ParOldGen       total 169984K, used 6268K [0x0000000706c00000, 0x0000000711200000, 0x00000007ace80000)
  object space 169984K, 3% used [0x0000000706c00000,0x000000070721f348,0x0000000711200000)
 PSPermGen       total 21504K, used 16728K [0x00000006fc600000, 0x00000006fdb00000, 0x0000000706c00000)
  object space 21504K, 77% used [0x00000006fc600000,0x00000006fd656328,0x00000006fdb00000)
}
Event: 32,865 GC heap before
{Heap before GC invocations=8 (full 0):
 PSYoungGen      total 270336K, used 260352K [0x00000007ace80000, 0x00000007ce180000, 0x0000000800000000)
  eden space 260096K, 100% used [0x00000007ace80000,0x00000007bcc80000,0x00000007bcc80000)
  from space 10240K, 2% used [0x00000007bcc80000,0x00000007bccc0000,0x00000007bd680000)
  to   space 11776K, 0% used [0x00000007cd600000,0x00000007cd600000,0x00000007ce180000)
 ParOldGen       total 169984K, used 6277K [0x0000000706c00000, 0x0000000711200000, 0x00000007ace80000)
  object space 169984K, 3% used [0x0000000706c00000,0x00000007072216c8,0x0000000711200000)
 PSPermGen       total 21504K, used 16911K [0x00000006fc600000, 0x00000006fdb00000, 0x0000000706c00000)
  object space 21504K, 78% used [0x00000006fc600000,0x00000006fd683c60,0x00000006fdb00000)
Event: 32,869 GC heap after
Heap after GC invocations=8 (full 0):
 PSYoungGen      total 531456K, used 352K [0x00000007ace80000, 0x00000007ce280000, 0x0000000800000000)
  eden space 519680K, 0% used [0x00000007ace80000,0x00000007ace80000,0x00000007cca00000)
  from space 11776K, 2% used [0x00000007cd600000,0x00000007cd658000,0x00000007ce180000)
  to   space 12288K, 0% used [0x00000007cca00000,0x00000007cca00000,0x00000007cd600000)
 ParOldGen       total 169984K, used 6309K [0x0000000706c00000, 0x0000000711200000, 0x00000007ace80000)
  object space 169984K, 3% used [0x0000000706c00000,0x00000007072296c8,0x0000000711200000)
 PSPermGen       total 21504K, used 16911K [0x00000006fc600000, 0x00000006fdb00000, 0x0000000706c00000)
  object space 21504K, 78% used [0x00000006fc600000,0x00000006fd683c60,0x00000006fdb00000)
}

