# JRE version: OpenJDK Runtime Environment (7.0_85-b01) (build 1.7.0_85-b01)
# Java VM: OpenJDK 64-Bit Server VM (24.85-b03 mixed mode linux-amd64 compressed oops)
Heap
 PSYoungGen      total 528896K, used 11619K [0x00000007ace80000, 0x00000007ed980000, 0x0000000800000000)
  eden space 520192K, 2% used [0x00000007ace80000,0x00000007ad998ec0,0x00000007cca80000)
  from space 8704K, 2% used [0x00000007cca80000,0x00000007ccac0000,0x00000007cd300000)
  to   space 9728K, 0% used [0x00000007ed000000,0x00000007ed000000,0x00000007ed980000)
 ParOldGen       total 169984K, used 6655K [0x0000000706c00000, 0x0000000711200000, 0x00000007ace80000)
  object space 169984K, 3% used [0x0000000706c00000,0x000000070727ff20,0x0000000711200000)
 PSPermGen       total 21504K, used 17167K [0x00000006fc600000, 0x00000006fdb00000, 0x0000000706c00000)
  object space 21504K, 79% used [0x00000006fc600000,0x00000006fd6c3ef0,0x00000006fdb00000)
Heap after GC invocations=3 (full 0):
 PSYoungGen      total 140288K, used 6195K [0x00000007ace80000, 0x00000007be080000, 0x0000000800000000)
  eden space 130048K, 0% used [0x00000007ace80000,0x00000007ace80000,0x00000007b4d80000)
  from space 10240K, 60% used [0x00000007b4d80000,0x00000007b538cf20,0x00000007b5780000)
  to   space 10240K, 0% used [0x00000007bd680000,0x00000007bd680000,0x00000007be080000)
 ParOldGen       total 169984K, used 24K [0x0000000706c00000, 0x0000000711200000, 0x00000007ace80000)
  object space 169984K, 0% used [0x0000000706c00000,0x0000000706c06318,0x0000000711200000)
 PSPermGen       total 21504K, used 16872K [0x00000006fc600000, 0x00000006fdb00000, 0x0000000706c00000)
  object space 21504K, 78% used [0x00000006fc600000,0x00000006fd67a148,0x00000006fdb00000)
Heap after GC invocations=4 (full 0):
 PSYoungGen      total 270336K, used 6213K [0x00000007ace80000, 0x00000007be080000, 0x0000000800000000)
  eden space 260096K, 0% used [0x00000007ace80000,0x00000007ace80000,0x00000007bcc80000)
  from space 10240K, 60% used [0x00000007bd680000,0x00000007bdc91740,0x00000007be080000)
  to   space 10240K, 0% used [0x00000007bcc80000,0x00000007bcc80000,0x00000007bd680000)
 ParOldGen       total 169984K, used 298K [0x0000000706c00000, 0x0000000711200000, 0x00000007ace80000)
  object space 169984K, 0% used [0x0000000706c00000,0x0000000706c4a8d8,0x0000000711200000)
 PSPermGen       total 21504K, used 16874K [0x00000006fc600000, 0x00000006fdb00000, 0x0000000706c00000)
  object space 21504K, 78% used [0x00000006fc600000,0x00000006fd67aac0,0x00000006fdb00000)
Heap after GC invocations=5 (full 0):
 PSYoungGen      total 270336K, used 6218K [0x00000007ace80000, 0x00000007cdc80000, 0x0000000800000000)
  eden space 260096K, 0% used [0x00000007ace80000,0x00000007ace80000,0x00000007bcc80000)
  from space 10240K, 60% used [0x00000007bcc80000,0x00000007bd292b00,0x00000007bd680000)
  to   space 9216K, 0% used [0x00000007cd380000,0x00000007cd380000,0x00000007cdc80000)
 ParOldGen       total 169984K, used 570K [0x0000000706c00000, 0x0000000711200000, 0x00000007ace80000)
  object space 169984K, 0% used [0x0000000706c00000,0x0000000706c8eb88,0x0000000711200000)
 PSPermGen       total 21504K, used 16874K [0x00000006fc600000, 0x00000006fdb00000, 0x0000000706c00000)
  object space 21504K, 78% used [0x00000006fc600000,0x00000006fd67aac0,0x00000006fdb00000)
Heap after GC invocations=6 (full 0):
 PSYoungGen      total 528384K, used 6200K [0x00000007ace80000, 0x00000007cdb80000, 0x0000000800000000)
  eden space 520192K, 0% used [0x00000007ace80000,0x00000007ace80000,0x00000007cca80000)
  from space 8192K, 75% used [0x00000007cd380000,0x00000007cd98e1d0,0x00000007cdb80000)
  to   space 8704K, 0% used [0x00000007cca80000,0x00000007cca80000,0x00000007cd300000)
 ParOldGen       total 169984K, used 580K [0x0000000706c00000, 0x0000000711200000, 0x00000007ace80000)
  object space 169984K, 0% used [0x0000000706c00000,0x0000000706c91110,0x0000000711200000)
 PSPermGen       total 21504K, used 16874K [0x00000006fc600000, 0x00000006fdb00000, 0x0000000706c00000)
  object space 21504K, 78% used [0x00000006fc600000,0x00000006fd67ab78,0x00000006fdb00000)
