# JRE version: OpenJDK Runtime Environment (7.0_85-b01) (build 1.7.0_85-b01)
# Java VM: OpenJDK 64-Bit Server VM (24.85-b03 mixed mode linux-amd64 compressed oops)
Heap
 PSYoungGen      total 532480K, used 487819K [0x00000007ace80000, 0x00000007ce480000, 0x0000000800000000)
  eden space 519680K, 93% used [0x00000007ace80000,0x00000007caaaaf20,0x00000007cca00000)
  from space 12800K, 1% used [0x00000007cd700000,0x00000007cd738000,0x00000007ce380000)
  to   space 13312K, 0% used [0x00000007cca00000,0x00000007cca00000,0x00000007cd700000)
 ParOldGen       total 169984K, used 8071K [0x0000000706c00000, 0x0000000711200000, 0x00000007ace80000)
  object space 169984K, 4% used [0x0000000706c00000,0x00000007073e1fa0,0x0000000711200000)
 PSPermGen       total 21504K, used 17355K [0x00000006fc600000, 0x00000006fdb00000, 0x0000000706c00000)
  object space 21504K, 80% used [0x00000006fc600000,0x00000006fd6f2c20,0x00000006fdb00000)
GC Heap History (10 events):
Event: 78,838 GC heap before
{Heap before GC invocations=4 (full 0):
 PSYoungGen      total 75264K, used 71320K [0x00000007ace80000, 0x00000007b6180000, 0x0000000800000000)
  eden space 65024K, 100% used [0x00000007ace80000,0x00000007b0e00000,0x00000007b0e00000)
  from space 10240K, 61% used [0x00000007b0e00000,0x00000007b14261b0,0x00000007b1800000)
  to   space 10240K, 0% used [0x00000007b5780000,0x00000007b5780000,0x00000007b6180000)
 ParOldGen       total 169984K, used 1855K [0x0000000706c00000, 0x0000000711200000, 0x00000007ace80000)
  object space 169984K, 1% used [0x0000000706c00000,0x0000000706dcfe38,0x0000000711200000)
 PSPermGen       total 21504K, used 17255K [0x00000006fc600000, 0x00000006fdb00000, 0x0000000706c00000)
  object space 21504K, 80% used [0x00000006fc600000,0x00000006fd6d9f98,0x00000006fdb00000)
Event: 78,852 GC heap after
Heap after GC invocations=4 (full 0):
 PSYoungGen      total 140288K, used 6312K [0x00000007ace80000, 0x00000007b6180000, 0x0000000800000000)
  eden space 130048K, 0% used [0x00000007ace80000,0x00000007ace80000,0x00000007b4d80000)
  from space 10240K, 61% used [0x00000007b5780000,0x00000007b5daa2f0,0x00000007b6180000)
  to   space 10240K, 0% used [0x00000007b4d80000,0x00000007b4d80000,0x00000007b5780000)
 ParOldGen       total 169984K, used 1855K [0x0000000706c00000, 0x0000000711200000, 0x00000007ace80000)
  object space 169984K, 1% used [0x0000000706c00000,0x0000000706dcfe38,0x0000000711200000)
 PSPermGen       total 21504K, used 17255K [0x00000006fc600000, 0x00000006fdb00000, 0x0000000706c00000)
  object space 21504K, 80% used [0x00000006fc600000,0x00000006fd6d9f98,0x00000006fdb00000)
}
Event: 78,924 GC heap before
{Heap before GC invocations=5 (full 0):
 PSYoungGen      total 140288K, used 136360K [0x00000007ace80000, 0x00000007b6180000, 0x0000000800000000)
  eden space 130048K, 100% used [0x00000007ace80000,0x00000007b4d80000,0x00000007b4d80000)
  from space 10240K, 61% used [0x00000007b5780000,0x00000007b5daa2f0,0x00000007b6180000)
  to   space 10240K, 0% used [0x00000007b4d80000,0x00000007b4d80000,0x00000007b5780000)
 ParOldGen       total 169984K, used 1855K [0x0000000706c00000, 0x0000000711200000, 0x00000007ace80000)
  object space 169984K, 1% used [0x0000000706c00000,0x0000000706dcfe38,0x0000000711200000)
 PSPermGen       total 21504K, used 17260K [0x00000006fc600000, 0x00000006fdb00000, 0x0000000706c00000)
  object space 21504K, 80% used [0x00000006fc600000,0x00000006fd6db3f0,0x00000006fdb00000)
Event: 78,938 GC heap after
Heap after GC invocations=5 (full 0):
 PSYoungGen      total 140288K, used 6291K [0x00000007ace80000, 0x00000007be480000, 0x0000000800000000)
  eden space 130048K, 0% used [0x00000007ace80000,0x00000007ace80000,0x00000007b4d80000)
  from space 10240K, 61% used [0x00000007b4d80000,0x00000007b53a4f00,0x00000007b5780000)
  to   space 12288K, 0% used [0x00000007bd880000,0x00000007bd880000,0x00000007be480000)
 ParOldGen       total 169984K, used 1863K [0x0000000706c00000, 0x0000000711200000, 0x00000007ace80000)
  object space 169984K, 1% used [0x0000000706c00000,0x0000000706dd1e38,0x0000000711200000)
 PSPermGen       total 21504K, used 17260K [0x00000006fc600000, 0x00000006fdb00000, 0x0000000706c00000)
  object space 21504K, 80% used [0x00000006fc600000,0x00000006fd6db3f0,0x00000006fdb00000)
}
Event: 79,004 GC heap before
{Heap before GC invocations=6 (full 0):
 PSYoungGen      total 140288K, used 136339K [0x00000007ace80000, 0x00000007be480000, 0x0000000800000000)
  eden space 130048K, 100% used [0x00000007ace80000,0x00000007b4d80000,0x00000007b4d80000)
  from space 10240K, 61% used [0x00000007b4d80000,0x00000007b53a4f00,0x00000007b5780000)
  to   space 12288K, 0% used [0x00000007bd880000,0x00000007bd880000,0x00000007be480000)
 ParOldGen       total 169984K, used 1863K [0x0000000706c00000, 0x0000000711200000, 0x00000007ace80000)
  object space 169984K, 1% used [0x0000000706c00000,0x0000000706dd1e38,0x0000000711200000)
 PSPermGen       total 21504K, used 17260K [0x00000006fc600000, 0x00000006fdb00000, 0x0000000706c00000)
  object space 21504K, 80% used [0x00000006fc600000,0x00000006fd6db3f0,0x00000006fdb00000)
Event: 79,016 GC heap after
Heap after GC invocations=6 (full 0):
 PSYoungGen      total 271360K, used 6344K [0x00000007ace80000, 0x00000007be380000, 0x0000000800000000)
  eden space 260096K, 0% used [0x00000007ace80000,0x00000007ace80000,0x00000007bcc80000)
  from space 11264K, 56% used [0x00000007bd880000,0x00000007bdeb21c0,0x00000007be380000)
  to   space 11776K, 0% used [0x00000007bcc80000,0x00000007bcc80000,0x00000007bd800000)
 ParOldGen       total 169984K, used 1871K [0x0000000706c00000, 0x0000000711200000, 0x00000007ace80000)
  object space 169984K, 1% used [0x0000000706c00000,0x0000000706dd3e38,0x0000000711200000)
 PSPermGen       total 21504K, used 17260K [0x00000006fc600000, 0x00000006fdb00000, 0x0000000706c00000)
  object space 21504K, 80% used [0x00000006fc600000,0x00000006fd6db3f0,0x00000006fdb00000)
}
Event: 79,169 GC heap before
{Heap before GC invocations=7 (full 0):
 PSYoungGen      total 271360K, used 266440K [0x00000007ace80000, 0x00000007be380000, 0x0000000800000000)
  eden space 260096K, 100% used [0x00000007ace80000,0x00000007bcc80000,0x00000007bcc80000)
  from space 11264K, 56% used [0x00000007bd880000,0x00000007bdeb21c0,0x00000007be380000)
  to   space 11776K, 0% used [0x00000007bcc80000,0x00000007bcc80000,0x00000007bd800000)
 ParOldGen       total 169984K, used 1871K [0x0000000706c00000, 0x0000000711200000, 0x00000007ace80000)
  object space 169984K, 1% used [0x0000000706c00000,0x0000000706dd3e38,0x0000000711200000)
 PSPermGen       total 21504K, used 17261K [0x00000006fc600000, 0x00000006fdb00000, 0x0000000706c00000)
  object space 21504K, 80% used [0x00000006fc600000,0x00000006fd6db560,0x00000006fdb00000)
Event: 79,189 GC heap after
Heap after GC invocations=7 (full 0):
 PSYoungGen      total 271872K, used 256K [0x00000007ace80000, 0x00000007ce380000, 0x0000000800000000)
  eden space 260096K, 0% used [0x00000007ace80000,0x00000007ace80000,0x00000007bcc80000)
  from space 11776K, 2% used [0x00000007bcc80000,0x00000007bccc0000,0x00000007bd800000)
  to   space 12800K, 0% used [0x00000007cd700000,0x00000007cd700000,0x00000007ce380000)
 ParOldGen       total 169984K, used 8055K [0x0000000706c00000, 0x0000000711200000, 0x00000007ace80000)
  object space 169984K, 4% used [0x0000000706c00000,0x00000007073ddfa0,0x0000000711200000)
 PSPermGen       total 21504K, used 17261K [0x00000006fc600000, 0x00000006fdb00000, 0x0000000706c00000)
  object space 21504K, 80% used [0x00000006fc600000,0x00000006fd6db560,0x00000006fdb00000)
}
Event: 79,318 GC heap before
{Heap before GC invocations=8 (full 0):
 PSYoungGen      total 271872K, used 260352K [0x00000007ace80000, 0x00000007ce380000, 0x0000000800000000)
  eden space 260096K, 100% used [0x00000007ace80000,0x00000007bcc80000,0x00000007bcc80000)
  from space 11776K, 2% used [0x00000007bcc80000,0x00000007bccc0000,0x00000007bd800000)
  to   space 12800K, 0% used [0x00000007cd700000,0x00000007cd700000,0x00000007ce380000)
 ParOldGen       total 169984K, used 8055K [0x0000000706c00000, 0x0000000711200000, 0x00000007ace80000)
  object space 169984K, 4% used [0x0000000706c00000,0x00000007073ddfa0,0x0000000711200000)
 PSPermGen       total 21504K, used 17262K [0x00000006fc600000, 0x00000006fdb00000, 0x0000000706c00000)
  object space 21504K, 80% used [0x00000006fc600000,0x00000006fd6dba40,0x00000006fdb00000)
Event: 79,322 GC heap after
Heap after GC invocations=8 (full 0):
 PSYoungGen      total 532480K, used 224K [0x00000007ace80000, 0x00000007ce480000, 0x0000000800000000)
  eden space 519680K, 0% used [0x00000007ace80000,0x00000007ace80000,0x00000007cca00000)
  from space 12800K, 1% used [0x00000007cd700000,0x00000007cd738000,0x00000007ce380000)
  to   space 13312K, 0% used [0x00000007cca00000,0x00000007cca00000,0x00000007cd700000)
 ParOldGen       total 169984K, used 8071K [0x0000000706c00000, 0x0000000711200000, 0x00000007ace80000)
  object space 169984K, 4% used [0x0000000706c00000,0x00000007073e1fa0,0x0000000711200000)
 PSPermGen       total 21504K, used 17262K [0x00000006fc600000, 0x00000006fdb00000, 0x0000000706c00000)
  object space 21504K, 80% used [0x00000006fc600000,0x00000006fd6dba40,0x00000006fdb00000)
}

