# JRE version: OpenJDK Runtime Environment (7.0_85-b01) (build 1.7.0_85-b01)
# Java VM: OpenJDK 64-Bit Server VM (24.85-b03 mixed mode linux-amd64 compressed oops)
Heap
 PSYoungGen      total 529920K, used 428733K [0x00000007ace80000, 0x00000007cdf80000, 0x0000000800000000)
  eden space 519680K, 82% used [0x00000007ace80000,0x00000007c70ef4b8,0x00000007cca00000)
  from space 10240K, 2% used [0x00000007cd480000,0x00000007cd4c0000,0x00000007cde80000)
  to   space 10752K, 0% used [0x00000007cca00000,0x00000007cca00000,0x00000007cd480000)
 ParOldGen       total 169984K, used 6117K [0x0000000706c00000, 0x0000000711200000, 0x00000007ace80000)
  object space 169984K, 3% used [0x0000000706c00000,0x00000007071f9740,0x0000000711200000)
 PSPermGen       total 21504K, used 17320K [0x00000006fc600000, 0x00000006fdb00000, 0x0000000706c00000)
  object space 21504K, 80% used [0x00000006fc600000,0x00000006fd6ea370,0x00000006fdb00000)
GC Heap History (10 events):
Event: 2,790 GC heap before
{Heap before GC invocations=4 (full 0):
 PSYoungGen      total 75264K, used 71160K [0x00000007ace80000, 0x00000007b6180000, 0x0000000800000000)
  eden space 65024K, 100% used [0x00000007ace80000,0x00000007b0e00000,0x00000007b0e00000)
  from space 10240K, 59% used [0x00000007b0e00000,0x00000007b13fe1d0,0x00000007b1800000)
  to   space 10240K, 0% used [0x00000007b5780000,0x00000007b5780000,0x00000007b6180000)
 ParOldGen       total 169984K, used 24K [0x0000000706c00000, 0x0000000711200000, 0x00000007ace80000)
  object space 169984K, 0% used [0x0000000706c00000,0x0000000706c06000,0x0000000711200000)
 PSPermGen       total 21504K, used 16944K [0x00000006fc600000, 0x00000006fdb00000, 0x0000000706c00000)
  object space 21504K, 78% used [0x00000006fc600000,0x00000006fd68c0e8,0x00000006fdb00000)
Event: 2,804 GC heap after
Heap after GC invocations=4 (full 0):
 PSYoungGen      total 140288K, used 6170K [0x00000007ace80000, 0x00000007b6180000, 0x0000000800000000)
  eden space 130048K, 0% used [0x00000007ace80000,0x00000007ace80000,0x00000007b4d80000)
  from space 10240K, 60% used [0x00000007b5780000,0x00000007b5d869e0,0x00000007b6180000)
  to   space 10240K, 0% used [0x00000007b4d80000,0x00000007b4d80000,0x00000007b5780000)
 ParOldGen       total 169984K, used 24K [0x0000000706c00000, 0x0000000711200000, 0x00000007ace80000)
  object space 169984K, 0% used [0x0000000706c00000,0x0000000706c06000,0x0000000711200000)
 PSPermGen       total 21504K, used 16944K [0x00000006fc600000, 0x00000006fdb00000, 0x0000000706c00000)
  object space 21504K, 78% used [0x00000006fc600000,0x00000006fd68c0e8,0x00000006fdb00000)
}
Event: 2,877 GC heap before
{Heap before GC invocations=5 (full 0):
 PSYoungGen      total 140288K, used 136218K [0x00000007ace80000, 0x00000007b6180000, 0x0000000800000000)
  eden space 130048K, 100% used [0x00000007ace80000,0x00000007b4d80000,0x00000007b4d80000)
  from space 10240K, 60% used [0x00000007b5780000,0x00000007b5d869e0,0x00000007b6180000)
  to   space 10240K, 0% used [0x00000007b4d80000,0x00000007b4d80000,0x00000007b5780000)
 ParOldGen       total 169984K, used 24K [0x0000000706c00000, 0x0000000711200000, 0x00000007ace80000)
  object space 169984K, 0% used [0x0000000706c00000,0x0000000706c06000,0x0000000711200000)
 PSPermGen       total 21504K, used 16946K [0x00000006fc600000, 0x00000006fdb00000, 0x0000000706c00000)
  object space 21504K, 78% used [0x00000006fc600000,0x00000006fd68cbd0,0x00000006fdb00000)
Event: 2,887 GC heap after
Heap after GC invocations=5 (full 0):
 PSYoungGen      total 140288K, used 6198K [0x00000007ace80000, 0x00000007bde80000, 0x0000000800000000)
  eden space 130048K, 0% used [0x00000007ace80000,0x00000007ace80000,0x00000007b4d80000)
  from space 10240K, 60% used [0x00000007b4d80000,0x00000007b538d9a0,0x00000007b5780000)
  to   space 9216K, 0% used [0x00000007bd580000,0x00000007bd580000,0x00000007bde80000)
 ParOldGen       total 169984K, used 24K [0x0000000706c00000, 0x0000000711200000, 0x00000007ace80000)
  object space 169984K, 0% used [0x0000000706c00000,0x0000000706c06000,0x0000000711200000)
 PSPermGen       total 21504K, used 16946K [0x00000006fc600000, 0x00000006fdb00000, 0x0000000706c00000)
  object space 21504K, 78% used [0x00000006fc600000,0x00000006fd68cbd0,0x00000006fdb00000)
}
Event: 2,953 GC heap before
{Heap before GC invocations=6 (full 0):
 PSYoungGen      total 140288K, used 136246K [0x00000007ace80000, 0x00000007bde80000, 0x0000000800000000)
  eden space 130048K, 100% used [0x00000007ace80000,0x00000007b4d80000,0x00000007b4d80000)
  from space 10240K, 60% used [0x00000007b4d80000,0x00000007b538d9a0,0x00000007b5780000)
  to   space 9216K, 0% used [0x00000007bd580000,0x00000007bd580000,0x00000007bde80000)
 ParOldGen       total 169984K, used 24K [0x0000000706c00000, 0x0000000711200000, 0x00000007ace80000)
  object space 169984K, 0% used [0x0000000706c00000,0x0000000706c06000,0x0000000711200000)
 PSPermGen       total 21504K, used 16947K [0x00000006fc600000, 0x00000006fdb00000, 0x0000000706c00000)
  object space 21504K, 78% used [0x00000006fc600000,0x00000006fd68cd68,0x00000006fdb00000)
Event: 2,964 GC heap after
Heap after GC invocations=6 (full 0):
 PSYoungGen      total 269312K, used 6198K [0x00000007ace80000, 0x00000007bde80000, 0x0000000800000000)
  eden space 260096K, 0% used [0x00000007ace80000,0x00000007ace80000,0x00000007bcc80000)
  from space 9216K, 67% used [0x00000007bd580000,0x00000007bdb8d9a0,0x00000007bde80000)
  to   space 9216K, 0% used [0x00000007bcc80000,0x00000007bcc80000,0x00000007bd580000)
 ParOldGen       total 169984K, used 24K [0x0000000706c00000, 0x0000000711200000, 0x00000007ace80000)
  object space 169984K, 0% used [0x0000000706c00000,0x0000000706c06000,0x0000000711200000)
 PSPermGen       total 21504K, used 16947K [0x00000006fc600000, 0x00000006fdb00000, 0x0000000706c00000)
  object space 21504K, 78% used [0x00000006fc600000,0x00000006fd68cd68,0x00000006fdb00000)
}
Event: 3,124 GC heap before
{Heap before GC invocations=7 (full 0):
 PSYoungGen      total 269312K, used 266294K [0x00000007ace80000, 0x00000007bde80000, 0x0000000800000000)
  eden space 260096K, 100% used [0x00000007ace80000,0x00000007bcc80000,0x00000007bcc80000)
  from space 9216K, 67% used [0x00000007bd580000,0x00000007bdb8d9a0,0x00000007bde80000)
  to   space 9216K, 0% used [0x00000007bcc80000,0x00000007bcc80000,0x00000007bd580000)
 ParOldGen       total 169984K, used 24K [0x0000000706c00000, 0x0000000711200000, 0x00000007ace80000)
  object space 169984K, 0% used [0x0000000706c00000,0x0000000706c06000,0x0000000711200000)
 PSPermGen       total 21504K, used 16947K [0x00000006fc600000, 0x00000006fdb00000, 0x0000000706c00000)
  object space 21504K, 78% used [0x00000006fc600000,0x00000006fd68ce20,0x00000006fdb00000)
Event: 3,136 GC heap after
Heap after GC invocations=7 (full 0):
 PSYoungGen      total 269312K, used 160K [0x00000007ace80000, 0x00000007cde80000, 0x0000000800000000)
  eden space 260096K, 0% used [0x00000007ace80000,0x00000007ace80000,0x00000007bcc80000)
  from space 9216K, 1% used [0x00000007bcc80000,0x00000007bcca8000,0x00000007bd580000)
  to   space 10240K, 0% used [0x00000007cd480000,0x00000007cd480000,0x00000007cde80000)
 ParOldGen       total 169984K, used 6109K [0x0000000706c00000, 0x0000000711200000, 0x00000007ace80000)
  object space 169984K, 3% used [0x0000000706c00000,0x00000007071f7740,0x0000000711200000)
 PSPermGen       total 21504K, used 16947K [0x00000006fc600000, 0x00000006fdb00000, 0x0000000706c00000)
  object space 21504K, 78% used [0x00000006fc600000,0x00000006fd68ce20,0x00000006fdb00000)
}
Event: 3,261 GC heap before
{Heap before GC invocations=8 (full 0):
 PSYoungGen      total 269312K, used 260256K [0x00000007ace80000, 0x00000007cde80000, 0x0000000800000000)
  eden space 260096K, 100% used [0x00000007ace80000,0x00000007bcc80000,0x00000007bcc80000)
  from space 9216K, 1% used [0x00000007bcc80000,0x00000007bcca8000,0x00000007bd580000)
  to   space 10240K, 0% used [0x00000007cd480000,0x00000007cd480000,0x00000007cde80000)
 ParOldGen       total 169984K, used 6109K [0x0000000706c00000, 0x0000000711200000, 0x00000007ace80000)
  object space 169984K, 3% used [0x0000000706c00000,0x00000007071f7740,0x0000000711200000)
 PSPermGen       total 21504K, used 16950K [0x00000006fc600000, 0x00000006fdb00000, 0x0000000706c00000)
  object space 21504K, 78% used [0x00000006fc600000,0x00000006fd68da10,0x00000006fdb00000)
Event: 3,266 GC heap after
Heap after GC invocations=8 (full 0):
 PSYoungGen      total 529920K, used 256K [0x00000007ace80000, 0x00000007cdf80000, 0x0000000800000000)
  eden space 519680K, 0% used [0x00000007ace80000,0x00000007ace80000,0x00000007cca00000)
  from space 10240K, 2% used [0x00000007cd480000,0x00000007cd4c0000,0x00000007cde80000)
  to   space 10752K, 0% used [0x00000007cca00000,0x00000007cca00000,0x00000007cd480000)
 ParOldGen       total 169984K, used 6117K [0x0000000706c00000, 0x0000000711200000, 0x00000007ace80000)
  object space 169984K, 3% used [0x0000000706c00000,0x00000007071f9740,0x0000000711200000)
 PSPermGen       total 21504K, used 16950K [0x00000006fc600000, 0x00000006fdb00000, 0x0000000706c00000)
  object space 21504K, 78% used [0x00000006fc600000,0x00000006fd68da10,0x00000006fdb00000)
}

